             504   -0.4100000000    0.0370000000
             484   -0.4180000000    0.0290000000
             485   -0.4100000000    0.0290000000
             486   -0.4020000000    0.0290000000
             503   -0.4180000000    0.0370000000
             522   -0.4180000000    0.0450000000
             523   -0.4100000000    0.0450000000
             505   -0.4020000000    0.0370000000
             524   -0.4020000000    0.0450000000

             334   -0.4020000000   -0.0350000000
             314   -0.4100000000   -0.0430000000
             333   -0.4100000000   -0.0350000000
             315   -0.4020000000   -0.0430000000
             316   -0.3940000000   -0.0430000000
             335   -0.3940000000   -0.0350000000
             352   -0.4100000000   -0.0270000000
             353   -0.4020000000   -0.0270000000
             354   -0.3940000000   -0.0270000000

             235   -0.4340000000   -0.0750000000
              45   -0.4393940000   -0.0833330000
             234   -0.4420000000   -0.0750000000
              46   -0.4343430000   -0.0833330000
              47   -0.4292930000   -0.0833330000
             236   -0.4260000000   -0.0750000000
              48   -0.4242420000   -0.0833330000
             253   -0.4420000000   -0.0670000000
             254   -0.4340000000   -0.0670000000
             255   -0.4260000000   -0.0670000000

             282   -0.3620000000   -0.0590000000
             262   -0.3700000000   -0.0670000000
             263   -0.3620000000   -0.0670000000
             264   -0.3540000000   -0.0670000000
             281   -0.3700000000   -0.0590000000
             283   -0.3540000000   -0.0590000000
             300   -0.3700000000   -0.0510000000
             301   -0.3620000000   -0.0510000000
             302   -0.3540000000   -0.0510000000

             302   -0.3540000000   -0.0510000000
             282   -0.3620000000   -0.0590000000
             283   -0.3540000000   -0.0590000000
             284   -0.3460000000   -0.0590000000
             301   -0.3620000000   -0.0510000000
             303   -0.3460000000   -0.0510000000
             320   -0.3620000000   -0.0430000000
             321   -0.3540000000   -0.0430000000
             322   -0.3460000000   -0.0430000000
             340   -0.3540000000   -0.0350000000

             373   -0.3940000000   -0.0190000000
             353   -0.4020000000   -0.0270000000
             354   -0.3940000000   -0.0270000000
             355   -0.3860000000   -0.0270000000
             372   -0.4020000000   -0.0190000000
             374   -0.3860000000   -0.0190000000
             391   -0.4020000000   -0.0110000000
             392   -0.3940000000   -0.0110000000
             393   -0.3860000000   -0.0110000000

             437   -0.4900000000    0.0130000000
             418   -0.4900000000    0.0050000000
             419   -0.4820000000    0.0050000000
              14   -0.5000000000    0.0126260000
              15   -0.5000000000    0.0075760000
             438   -0.4820000000    0.0130000000
              13   -0.5000000000    0.0176770000
             456   -0.4900000000    0.0210000000
             457   -0.4820000000    0.0210000000

             320   -0.3620000000   -0.0430000000
             300   -0.3700000000   -0.0510000000
             301   -0.3620000000   -0.0510000000
             302   -0.3540000000   -0.0510000000
             319   -0.3700000000   -0.0430000000
             338   -0.3700000000   -0.0350000000
             339   -0.3620000000   -0.0350000000
             321   -0.3540000000   -0.0430000000
             340   -0.3540000000   -0.0350000000
             358   -0.3620000000   -0.0270000000

             398   -0.3460000000   -0.0110000000
             378   -0.3540000000   -0.0190000000
             379   -0.3460000000   -0.0190000000
             397   -0.3540000000   -0.0110000000
             416   -0.3540000000   -0.0030000000
             417   -0.3460000000   -0.0030000000

             489   -0.3780000000    0.0290000000
             469   -0.3860000000    0.0210000000
             470   -0.3780000000    0.0210000000
             471   -0.3700000000    0.0210000000
             488   -0.3860000000    0.0290000000
             490   -0.3700000000    0.0290000000
             507   -0.3860000000    0.0370000000
             508   -0.3780000000    0.0370000000
             527   -0.3780000000    0.0450000000
             509   -0.3700000000    0.0370000000

             489   -0.3780000000    0.0290000000
             469   -0.3860000000    0.0210000000
             470   -0.3780000000    0.0210000000
             471   -0.3700000000    0.0210000000
             488   -0.3860000000    0.0290000000
             490   -0.3700000000    0.0290000000
             507   -0.3860000000    0.0370000000
             508   -0.3780000000    0.0370000000
             527   -0.3780000000    0.0450000000
             509   -0.3700000000    0.0370000000

             550   -0.3460000000    0.0530000000
             530   -0.3540000000    0.0450000000
             531   -0.3460000000    0.0450000000
             549   -0.3540000000    0.0530000000
             568   -0.3540000000    0.0610000000
             569   -0.3460000000    0.0610000000

             602   -0.3860000000    0.0770000000
             582   -0.3940000000    0.0690000000
             583   -0.3860000000    0.0690000000
             584   -0.3780000000    0.0690000000
             107   -0.3888890000    0.0833330000
             108   -0.3939390000    0.0833330000
             601   -0.3940000000    0.0770000000
             105   -0.3787880000    0.0833330000
             106   -0.3838380000    0.0833330000
             603   -0.3780000000    0.0770000000

             587   -0.3540000000    0.0690000000
             567   -0.3620000000    0.0610000000
             568   -0.3540000000    0.0610000000
             569   -0.3460000000    0.0610000000
             586   -0.3620000000    0.0690000000
             588   -0.3460000000    0.0690000000
             605   -0.3620000000    0.0770000000
             606   -0.3540000000    0.0770000000
             607   -0.3460000000    0.0770000000

             250   -0.4660000000   -0.0670000000
             230   -0.4740000000   -0.0750000000
             231   -0.4660000000   -0.0750000000
             232   -0.4580000000   -0.0750000000
             248   -0.4820000000   -0.0670000000
             249   -0.4740000000   -0.0670000000
             251   -0.4580000000   -0.0670000000
             268   -0.4740000000   -0.0590000000
             269   -0.4660000000   -0.0590000000
             270   -0.4580000000   -0.0590000000

             600   -0.4020000000    0.0770000000
             580   -0.4100000000    0.0690000000
             581   -0.4020000000    0.0690000000
             582   -0.3940000000    0.0690000000
             111   -0.4090910000    0.0833330000
             599   -0.4100000000    0.0770000000
             109   -0.3989900000    0.0833330000
             110   -0.4040400000    0.0833330000
             108   -0.3939390000    0.0833330000
             601   -0.3940000000    0.0770000000

             304   -0.4900000000   -0.0430000000
              26   -0.5000000000   -0.0479800000
             285   -0.4900000000   -0.0510000000
             286   -0.4820000000   -0.0510000000
              24   -0.5000000000   -0.0378790000
              25   -0.5000000000   -0.0429290000
             323   -0.4900000000   -0.0350000000
             305   -0.4820000000   -0.0430000000
             324   -0.4820000000   -0.0350000000
             342   -0.4900000000   -0.0270000000

             305   -0.4820000000   -0.0430000000
             285   -0.4900000000   -0.0510000000
             286   -0.4820000000   -0.0510000000
             287   -0.4740000000   -0.0510000000
             304   -0.4900000000   -0.0430000000
             323   -0.4900000000   -0.0350000000
             324   -0.4820000000   -0.0350000000
             306   -0.4740000000   -0.0430000000
             307   -0.4660000000   -0.0430000000
             325   -0.4740000000   -0.0350000000
             343   -0.4820000000   -0.0270000000

             379   -0.3460000000   -0.0190000000
             359   -0.3540000000   -0.0270000000
             360   -0.3460000000   -0.0270000000
             378   -0.3540000000   -0.0190000000
             397   -0.3540000000   -0.0110000000
             398   -0.3460000000   -0.0110000000

             300   -0.3700000000   -0.0510000000
             280   -0.3780000000   -0.0590000000
             281   -0.3700000000   -0.0590000000
             282   -0.3620000000   -0.0590000000
             299   -0.3780000000   -0.0510000000
             301   -0.3620000000   -0.0510000000
             318   -0.3780000000   -0.0430000000
             319   -0.3700000000   -0.0430000000
             338   -0.3700000000   -0.0350000000
             320   -0.3620000000   -0.0430000000

